# JRE version: OpenJDK Runtime Environment (11.0.10) (build 11.0.10+0-b96-7249189)
# Java VM: OpenJDK 64-Bit Server VM (11.0.10+0-b96-7249189, mixed mode, tiered, compressed oops, g1 gc, windows-amd64)
Heap:
 garbage-first heap   total 251904K, used 176114K [0x0000000080000000, 0x0000000100000000)
  region size 1024K, 48 young (49152K), 5 survivors (5120K)
 Metaspace       used 112292K, capacity 115343K, committed 116908K, reserved 1150976K
  class space    used 14479K, capacity 15622K, committed 16300K, reserved 1048576K
GC Heap History (20 events):
Event: 6.348 GC heap before
{Heap before GC invocations=8 (full 0):
 garbage-first heap   total 251904K, used 48955K [0x0000000080000000, 0x0000000100000000)
  region size 1024K, 20 young (20480K), 19 survivors (19456K)
 Metaspace       used 58734K, capacity 60182K, committed 60236K, reserved 1101824K
  class space    used 7428K, capacity 7976K, committed 8012K, reserved 1048576K
}
Event: 6.362 GC heap after
{Heap after GC invocations=9 (full 0):
 garbage-first heap   total 251904K, used 50070K [0x0000000080000000, 0x0000000100000000)
  region size 1024K, 2 young (2048K), 2 survivors (2048K)
 Metaspace       used 58734K, capacity 60182K, committed 60236K, reserved 1101824K
  class space    used 7428K, capacity 7976K, committed 8012K, reserved 1048576K
}
Event: 7.400 GC heap before
{Heap before GC invocations=10 (full 0):
 garbage-first heap   total 251904K, used 165782K [0x0000000080000000, 0x0000000100000000)
  region size 1024K, 115 young (117760K), 2 survivors (2048K)
 Metaspace       used 67762K, capacity 69395K, committed 69580K, reserved 1110016K
  class space    used 8540K, capacity 9111K, committed 9164K, reserved 1048576K
}
Event: 7.406 GC heap after
{Heap after GC invocations=11 (full 0):
 garbage-first heap   total 251904K, used 57418K [0x0000000080000000, 0x0000000100000000)
  region size 1024K, 9 young (9216K), 9 survivors (9216K)
 Metaspace       used 67762K, capacity 69395K, committed 69580K, reserved 1110016K
  class space    used 8540K, capacity 9111K, committed 9164K, reserved 1048576K
}
Event: 8.757 GC heap before
{Heap before GC invocations=11 (full 0):
 garbage-first heap   total 251904K, used 174154K [0x0000000080000000, 0x0000000100000000)
  region size 1024K, 123 young (125952K), 9 survivors (9216K)
 Metaspace       used 80380K, capacity 82291K, committed 82636K, reserved 1120256K
  class space    used 10400K, capacity 11077K, committed 11212K, reserved 1048576K
}
Event: 8.767 GC heap after
{Heap after GC invocations=12 (full 0):
 garbage-first heap   total 251904K, used 65174K [0x0000000080000000, 0x0000000100000000)
  region size 1024K, 8 young (8192K), 8 survivors (8192K)
 Metaspace       used 80380K, capacity 82291K, committed 82636K, reserved 1120256K
  class space    used 10400K, capacity 11077K, committed 11212K, reserved 1048576K
}
Event: 9.786 GC heap before
{Heap before GC invocations=12 (full 0):
 garbage-first heap   total 251904K, used 180886K [0x0000000080000000, 0x0000000100000000)
  region size 1024K, 122 young (124928K), 8 survivors (8192K)
 Metaspace       used 86243K, capacity 88720K, committed 89036K, reserved 1126400K
  class space    used 11210K, capacity 12167K, committed 12236K, reserved 1048576K
}
Event: 9.798 GC heap after
{Heap after GC invocations=13 (full 0):
 garbage-first heap   total 251904K, used 73733K [0x0000000080000000, 0x0000000100000000)
  region size 1024K, 16 young (16384K), 16 survivors (16384K)
 Metaspace       used 86243K, capacity 88720K, committed 89036K, reserved 1126400K
  class space    used 11210K, capacity 12167K, committed 12236K, reserved 1048576K
}
Event: 10.755 GC heap before
{Heap before GC invocations=13 (full 0):
 garbage-first heap   total 251904K, used 186373K [0x0000000080000000, 0x0000000100000000)
  region size 1024K, 127 young (130048K), 16 survivors (16384K)
 Metaspace       used 91997K, capacity 94542K, committed 94796K, reserved 1130496K
  class space    used 11929K, capacity 12870K, committed 12876K, reserved 1048576K
}
Event: 10.767 GC heap after
{Heap after GC invocations=14 (full 0):
 garbage-first heap   total 251904K, used 80274K [0x0000000080000000, 0x0000000100000000)
  region size 1024K, 7 young (7168K), 7 survivors (7168K)
 Metaspace       used 91997K, capacity 94542K, committed 94796K, reserved 1130496K
  class space    used 11929K, capacity 12870K, committed 12876K, reserved 1048576K
}
Event: 11.434 GC heap before
{Heap before GC invocations=14 (full 0):
 garbage-first heap   total 251904K, used 193938K [0x0000000080000000, 0x0000000100000000)
  region size 1024K, 117 young (119808K), 7 survivors (7168K)
 Metaspace       used 97223K, capacity 100149K, committed 100428K, reserved 1136640K
  class space    used 12685K, capacity 13774K, committed 13900K, reserved 1048576K
}
Event: 11.445 GC heap after
{Heap after GC invocations=15 (full 0):
 garbage-first heap   total 251904K, used 89789K [0x0000000080000000, 0x0000000100000000)
  region size 1024K, 15 young (15360K), 15 survivors (15360K)
 Metaspace       used 97223K, capacity 100149K, committed 100428K, reserved 1136640K
  class space    used 12685K, capacity 13774K, committed 13900K, reserved 1048576K
}
Event: 11.487 GC heap before
{Heap before GC invocations=15 (full 0):
 garbage-first heap   total 251904K, used 103101K [0x0000000080000000, 0x0000000100000000)
  region size 1024K, 29 young (29696K), 15 survivors (15360K)
 Metaspace       used 97996K, capacity 100927K, committed 101036K, reserved 1136640K
  class space    used 12791K, capacity 13915K, committed 13996K, reserved 1048576K
}
Event: 11.496 GC heap after
{Heap after GC invocations=16 (full 0):
 garbage-first heap   total 251904K, used 93317K [0x0000000080000000, 0x0000000100000000)
  region size 1024K, 4 young (4096K), 4 survivors (4096K)
 Metaspace       used 97996K, capacity 100927K, committed 101036K, reserved 1136640K
  class space    used 12791K, capacity 13915K, committed 13996K, reserved 1048576K
}
Event: 11.911 GC heap before
{Heap before GC invocations=17 (full 0):
 garbage-first heap   total 251904K, used 161925K [0x0000000080000000, 0x0000000100000000)
  region size 1024K, 70 young (71680K), 4 survivors (4096K)
 Metaspace       used 103770K, capacity 106987K, committed 107308K, reserved 1140736K
  class space    used 13763K, capacity 15047K, committed 15148K, reserved 1048576K
}
Event: 11.923 GC heap after
{Heap after GC invocations=18 (full 0):
 garbage-first heap   total 251904K, used 99112K [0x0000000080000000, 0x0000000100000000)
  region size 1024K, 9 young (9216K), 9 survivors (9216K)
 Metaspace       used 103770K, capacity 106987K, committed 107308K, reserved 1140736K
  class space    used 13763K, capacity 15047K, committed 15148K, reserved 1048576K
}
Event: 12.484 GC heap before
{Heap before GC invocations=19 (full 0):
 garbage-first heap   total 251904K, used 170792K [0x0000000080000000, 0x0000000100000000)
  region size 1024K, 78 young (79872K), 9 survivors (9216K)
 Metaspace       used 106969K, capacity 110366K, committed 110636K, reserved 1144832K
  class space    used 14207K, capacity 15557K, committed 15660K, reserved 1048576K
}
Event: 12.491 GC heap after
{Heap after GC invocations=20 (full 0):
 garbage-first heap   total 251904K, used 102018K [0x0000000080000000, 0x0000000100000000)
  region size 1024K, 6 young (6144K), 6 survivors (6144K)
 Metaspace       used 106969K, capacity 110366K, committed 110636K, reserved 1144832K
  class space    used 14207K, capacity 15557K, committed 15660K, reserved 1048576K
}
Event: 13.071 GC heap before
{Heap before GC invocations=20 (full 0):
 garbage-first heap   total 251904K, used 164482K [0x0000000080000000, 0x0000000100000000)
  region size 1024K, 53 young (54272K), 6 survivors (6144K)
 Metaspace       used 109430K, capacity 112988K, committed 113196K, reserved 1146880K
  class space    used 14512K, capacity 15896K, committed 15916K, reserved 1048576K
}
Event: 13.076 GC heap after
{Heap after GC invocations=21 (full 0):
 garbage-first heap   total 251904K, used 108530K [0x0000000080000000, 0x0000000100000000)
  region size 1024K, 5 young (5120K), 5 survivors (5120K)
 Metaspace       used 109430K, capacity 112988K, committed 113196K, reserved 1146880K
  class space    used 14512K, capacity 15896K, committed 15916K, reserved 1048576K
}

