# JRE version: OpenJDK Runtime Environment (11.0.10) (build 11.0.10+0-b96-7249189)
# Java VM: OpenJDK 64-Bit Server VM (11.0.10+0-b96-7249189, mixed mode, tiered, compressed oops, g1 gc, windows-amd64)
Heap:
 garbage-first heap   total 251904K, used 138631K [0x0000000080000000, 0x0000000100000000)
  region size 1024K, 57 young (58368K), 13 survivors (13312K)
 Metaspace       used 113009K, capacity 116066K, committed 116368K, reserved 1150976K
  class space    used 14676K, capacity 15785K, committed 15896K, reserved 1048576K
GC Heap History (20 events):
Event: 6.518 GC heap before
{Heap before GC invocations=8 (full 0):
 garbage-first heap   total 251904K, used 157621K [0x0000000080000000, 0x0000000100000000)
  region size 1024K, 131 young (134144K), 12 survivors (12288K)
 Metaspace       used 54073K, capacity 55531K, committed 55628K, reserved 1097728K
  class space    used 6872K, capacity 7410K, committed 7500K, reserved 1048576K
}
Event: 6.530 GC heap after
{Heap after GC invocations=9 (full 0):
 garbage-first heap   total 251904K, used 47561K [0x0000000080000000, 0x0000000100000000)
  region size 1024K, 17 young (17408K), 17 survivors (17408K)
 Metaspace       used 54073K, capacity 55531K, committed 55628K, reserved 1097728K
  class space    used 6872K, capacity 7410K, committed 7500K, reserved 1048576K
}
Event: 6.900 GC heap before
{Heap before GC invocations=9 (full 0):
 garbage-first heap   total 251904K, used 74185K [0x0000000080000000, 0x0000000100000000)
  region size 1024K, 44 young (45056K), 17 survivors (17408K)
 Metaspace       used 58698K, capacity 60136K, committed 60236K, reserved 1101824K
  class space    used 7415K, capacity 7961K, committed 8012K, reserved 1048576K
}
Event: 6.914 GC heap after
{Heap after GC invocations=10 (full 0):
 garbage-first heap   total 251904K, used 51434K [0x0000000080000000, 0x0000000100000000)
  region size 1024K, 4 young (4096K), 4 survivors (4096K)
 Metaspace       used 58698K, capacity 60136K, committed 60236K, reserved 1101824K
  class space    used 7415K, capacity 7961K, committed 8012K, reserved 1048576K
}
Event: 7.761 GC heap before
{Heap before GC invocations=11 (full 0):
 garbage-first heap   total 251904K, used 138474K [0x0000000080000000, 0x0000000100000000)
  region size 1024K, 89 young (91136K), 4 survivors (4096K)
 Metaspace       used 66745K, capacity 68188K, committed 68428K, reserved 1107968K
  class space    used 8416K, capacity 8963K, committed 9036K, reserved 1048576K
}
Event: 7.766 GC heap after
{Heap after GC invocations=12 (full 0):
 garbage-first heap   total 251904K, used 55931K [0x0000000080000000, 0x0000000100000000)
  region size 1024K, 8 young (8192K), 8 survivors (8192K)
 Metaspace       used 66745K, capacity 68188K, committed 68428K, reserved 1107968K
  class space    used 8416K, capacity 8963K, committed 9036K, reserved 1048576K
}
Event: 8.895 GC heap before
{Heap before GC invocations=12 (full 0):
 garbage-first heap   total 251904K, used 149115K [0x0000000080000000, 0x0000000100000000)
  region size 1024K, 99 young (101376K), 8 survivors (8192K)
 Metaspace       used 75008K, capacity 76687K, committed 76876K, reserved 1116160K
  class space    used 9663K, capacity 10275K, committed 10316K, reserved 1048576K
}
Event: 8.903 GC heap after
{Heap after GC invocations=13 (full 0):
 garbage-first heap   total 251904K, used 62877K [0x0000000080000000, 0x0000000100000000)
  region size 1024K, 13 young (13312K), 13 survivors (13312K)
 Metaspace       used 75008K, capacity 76687K, committed 76876K, reserved 1116160K
  class space    used 9663K, capacity 10275K, committed 10316K, reserved 1048576K
}
Event: 10.048 GC heap before
{Heap before GC invocations=13 (full 0):
 garbage-first heap   total 251904K, used 159133K [0x0000000080000000, 0x0000000100000000)
  region size 1024K, 108 young (110592K), 13 survivors (13312K)
 Metaspace       used 84226K, capacity 86268K, committed 86348K, reserved 1124352K
  class space    used 10831K, capacity 11562K, committed 11596K, reserved 1048576K
}
Event: 10.062 GC heap after
{Heap after GC invocations=14 (full 0):
 garbage-first heap   total 251904K, used 70748K [0x0000000080000000, 0x0000000100000000)
  region size 1024K, 14 young (14336K), 14 survivors (14336K)
 Metaspace       used 84226K, capacity 86268K, committed 86348K, reserved 1124352K
  class space    used 10831K, capacity 11562K, committed 11596K, reserved 1048576K
}
Event: 10.765 GC heap before
{Heap before GC invocations=14 (full 0):
 garbage-first heap   total 251904K, used 167004K [0x0000000080000000, 0x0000000100000000)
  region size 1024K, 109 young (111616K), 14 survivors (14336K)
 Metaspace       used 86369K, capacity 88889K, committed 89036K, reserved 1126400K
  class space    used 11188K, capacity 12124K, committed 12236K, reserved 1048576K
}
Event: 10.778 GC heap after
{Heap after GC invocations=15 (full 0):
 garbage-first heap   total 251904K, used 78758K [0x0000000080000000, 0x0000000100000000)
  region size 1024K, 8 young (8192K), 8 survivors (8192K)
 Metaspace       used 86369K, capacity 88889K, committed 89036K, reserved 1126400K
  class space    used 11188K, capacity 12124K, committed 12236K, reserved 1048576K
}
Event: 11.402 GC heap before
{Heap before GC invocations=15 (full 0):
 garbage-first heap   total 251904K, used 176038K [0x0000000080000000, 0x0000000100000000)
  region size 1024K, 103 young (105472K), 8 survivors (8192K)
 Metaspace       used 90325K, capacity 92810K, committed 93132K, reserved 1130496K
  class space    used 11676K, capacity 12614K, committed 12748K, reserved 1048576K
}
Event: 11.410 GC heap after
{Heap after GC invocations=16 (full 0):
 garbage-first heap   total 251904K, used 82340K [0x0000000080000000, 0x0000000100000000)
  region size 1024K, 11 young (11264K), 11 survivors (11264K)
 Metaspace       used 90325K, capacity 92810K, committed 93132K, reserved 1130496K
  class space    used 11676K, capacity 12614K, committed 12748K, reserved 1048576K
}
Event: 13.085 GC heap before
{Heap before GC invocations=16 (full 0):
 garbage-first heap   total 251904K, used 181668K [0x0000000080000000, 0x0000000100000000)
  region size 1024K, 109 young (111616K), 11 survivors (11264K)
 Metaspace       used 96200K, capacity 98901K, committed 99020K, reserved 1134592K
  class space    used 12421K, capacity 13417K, committed 13516K, reserved 1048576K
}
Event: 13.095 GC heap after
{Heap after GC invocations=17 (full 0):
 garbage-first heap   total 251904K, used 89643K [0x0000000080000000, 0x0000000100000000)
  region size 1024K, 13 young (13312K), 13 survivors (13312K)
 Metaspace       used 96200K, capacity 98901K, committed 99020K, reserved 1134592K
  class space    used 12421K, capacity 13417K, committed 13516K, reserved 1048576K
}
Event: 24.464 GC heap before
{Heap before GC invocations=17 (full 0):
 garbage-first heap   total 251904K, used 108075K [0x0000000080000000, 0x0000000100000000)
  region size 1024K, 32 young (32768K), 13 survivors (13312K)
 Metaspace       used 98247K, capacity 100949K, committed 101036K, reserved 1136640K
  class space    used 12689K, capacity 13735K, committed 13772K, reserved 1048576K
}
Event: 24.471 GC heap after
{Heap after GC invocations=18 (full 0):
 garbage-first heap   total 251904K, used 88455K [0x0000000080000000, 0x0000000100000000)
  region size 1024K, 6 young (6144K), 6 survivors (6144K)
 Metaspace       used 98247K, capacity 100949K, committed 101036K, reserved 1136640K
  class space    used 12689K, capacity 13735K, committed 13772K, reserved 1048576K
}
Event: 97.078 GC heap before
{Heap before GC invocations=19 (full 0):
 garbage-first heap   total 251904K, used 191879K [0x0000000080000000, 0x0000000100000000)
  region size 1024K, 108 young (110592K), 6 survivors (6144K)
 Metaspace       used 103212K, capacity 105811K, committed 106512K, reserved 1142784K
  class space    used 13019K, capacity 13919K, committed 14232K, reserved 1048576K
}
Event: 97.094 GC heap after
{Heap after GC invocations=20 (full 0):
 garbage-first heap   total 251904K, used 95623K [0x0000000080000000, 0x0000000100000000)
  region size 1024K, 13 young (13312K), 13 survivors (13312K)
 Metaspace       used 103212K, capacity 105811K, committed 106512K, reserved 1142784K
  class space    used 13019K, capacity 13919K, committed 14232K, reserved 1048576K
}

