# JRE version: OpenJDK Runtime Environment (11.0.10) (build 11.0.10+0-b96-7249189)
# Java VM: OpenJDK 64-Bit Server VM (11.0.10+0-b96-7249189, mixed mode, tiered, compressed oops, g1 gc, windows-amd64)
Heap:
 garbage-first heap   total 251904K, used 153504K [0x0000000080000000, 0x0000000100000000)
  region size 1024K, 82 young (83968K), 7 survivors (7168K)
 Metaspace       used 90958K, capacity 93549K, committed 93644K, reserved 1130496K
  class space    used 11766K, capacity 12733K, committed 12748K, reserved 1048576K
GC Heap History (20 events):
Event: 2.899 GC heap before
{Heap before GC invocations=1 (full 0):
 garbage-first heap   total 251904K, used 104882K [0x0000000080000000, 0x0000000100000000)
  region size 1024K, 97 young (99328K), 3 survivors (3072K)
 Metaspace       used 20571K, capacity 21104K, committed 21248K, reserved 1067008K
  class space    used 2508K, capacity 2690K, committed 2816K, reserved 1048576K
}
Event: 2.907 GC heap after
{Heap after GC invocations=2 (full 0):
 garbage-first heap   total 251904K, used 16654K [0x0000000080000000, 0x0000000100000000)
  region size 1024K, 10 young (10240K), 10 survivors (10240K)
 Metaspace       used 20571K, capacity 21104K, committed 21248K, reserved 1067008K
  class space    used 2508K, capacity 2690K, committed 2816K, reserved 1048576K
}
Event: 3.281 GC heap before
{Heap before GC invocations=3 (full 0):
 garbage-first heap   total 251904K, used 59662K [0x0000000080000000, 0x0000000100000000)
  region size 1024K, 52 young (53248K), 10 survivors (10240K)
 Metaspace       used 24894K, capacity 25519K, committed 25728K, reserved 1071104K
  class space    used 3216K, capacity 3421K, committed 3456K, reserved 1048576K
}
Event: 3.288 GC heap after
{Heap after GC invocations=4 (full 0):
 garbage-first heap   total 251904K, used 18348K [0x0000000080000000, 0x0000000100000000)
  region size 1024K, 2 young (2048K), 2 survivors (2048K)
 Metaspace       used 24894K, capacity 25519K, committed 25728K, reserved 1071104K
  class space    used 3216K, capacity 3421K, committed 3456K, reserved 1048576K
}
Event: 4.142 GC heap before
{Heap before GC invocations=4 (full 0):
 garbage-first heap   total 251904K, used 85932K [0x0000000080000000, 0x0000000100000000)
  region size 1024K, 70 young (71680K), 2 survivors (2048K)
 Metaspace       used 35048K, capacity 35838K, committed 35840K, reserved 1081344K
  class space    used 4538K, capacity 4864K, committed 4864K, reserved 1048576K
}
Event: 4.148 GC heap after
{Heap after GC invocations=5 (full 0):
 garbage-first heap   total 251904K, used 21938K [0x0000000080000000, 0x0000000100000000)
  region size 1024K, 6 young (6144K), 6 survivors (6144K)
 Metaspace       used 35048K, capacity 35838K, committed 35840K, reserved 1081344K
  class space    used 4538K, capacity 4864K, committed 4864K, reserved 1048576K
}
Event: 5.147 GC heap before
{Heap before GC invocations=6 (full 0):
 garbage-first heap   total 251904K, used 125362K [0x0000000080000000, 0x0000000100000000)
  region size 1024K, 103 young (105472K), 6 survivors (6144K)
 Metaspace       used 43139K, capacity 44156K, committed 44364K, reserved 1087488K
  class space    used 5498K, capacity 5855K, committed 5964K, reserved 1048576K
}
Event: 5.155 GC heap after
{Heap after GC invocations=7 (full 0):
 garbage-first heap   total 251904K, used 28031K [0x0000000080000000, 0x0000000100000000)
  region size 1024K, 12 young (12288K), 12 survivors (12288K)
 Metaspace       used 43139K, capacity 44156K, committed 44364K, reserved 1087488K
  class space    used 5498K, capacity 5855K, committed 5964K, reserved 1048576K
}
Event: 6.647 GC heap before
{Heap before GC invocations=7 (full 0):
 garbage-first heap   total 251904K, used 156031K [0x0000000080000000, 0x0000000100000000)
  region size 1024K, 130 young (133120K), 12 survivors (12288K)
 Metaspace       used 51950K, capacity 53325K, committed 53580K, reserved 1095680K
  class space    used 6623K, capacity 7123K, committed 7244K, reserved 1048576K
}
Event: 6.658 GC heap after
{Heap after GC invocations=8 (full 0):
 garbage-first heap   total 251904K, used 47316K [0x0000000080000000, 0x0000000100000000)
  region size 1024K, 17 young (17408K), 17 survivors (17408K)
 Metaspace       used 51950K, capacity 53325K, committed 53580K, reserved 1095680K
  class space    used 6623K, capacity 7123K, committed 7244K, reserved 1048576K
}
Event: 7.164 GC heap before
{Heap before GC invocations=8 (full 0):
 garbage-first heap   total 251904K, used 88276K [0x0000000080000000, 0x0000000100000000)
  region size 1024K, 58 young (59392K), 17 survivors (17408K)
 Metaspace       used 58741K, capacity 60185K, committed 60236K, reserved 1101824K
  class space    used 7420K, capacity 7977K, committed 8012K, reserved 1048576K
}
Event: 7.180 GC heap after
{Heap after GC invocations=9 (full 0):
 garbage-first heap   total 251904K, used 50411K [0x0000000080000000, 0x0000000100000000)
  region size 1024K, 3 young (3072K), 3 survivors (3072K)
 Metaspace       used 58741K, capacity 60185K, committed 60236K, reserved 1101824K
  class space    used 7420K, capacity 7977K, committed 8012K, reserved 1048576K
}
Event: 8.095 GC heap before
{Heap before GC invocations=10 (full 0):
 garbage-first heap   total 251904K, used 147691K [0x0000000080000000, 0x0000000100000000)
  region size 1024K, 98 young (100352K), 3 survivors (3072K)
 Metaspace       used 66902K, capacity 68466K, committed 68684K, reserved 1110016K
  class space    used 8449K, capacity 9012K, committed 9036K, reserved 1048576K
}
Event: 8.103 GC heap after
{Heap after GC invocations=11 (full 0):
 garbage-first heap   total 251904K, used 56813K [0x0000000080000000, 0x0000000100000000)
  region size 1024K, 10 young (10240K), 10 survivors (10240K)
 Metaspace       used 66902K, capacity 68466K, committed 68684K, reserved 1110016K
  class space    used 8449K, capacity 9012K, committed 9036K, reserved 1048576K
}
Event: 9.264 GC heap before
{Heap before GC invocations=11 (full 0):
 garbage-first heap   total 251904K, used 157165K [0x0000000080000000, 0x0000000100000000)
  region size 1024K, 108 young (110592K), 10 survivors (10240K)
 Metaspace       used 75955K, capacity 77749K, committed 77900K, reserved 1116160K
  class space    used 9778K, capacity 10470K, committed 10572K, reserved 1048576K
}
Event: 9.276 GC heap after
{Heap after GC invocations=12 (full 0):
 garbage-first heap   total 251904K, used 64050K [0x0000000080000000, 0x0000000100000000)
  region size 1024K, 8 young (8192K), 8 survivors (8192K)
 Metaspace       used 75955K, capacity 77749K, committed 77900K, reserved 1116160K
  class space    used 9778K, capacity 10470K, committed 10572K, reserved 1048576K
}
Event: 10.383 GC heap before
{Heap before GC invocations=12 (full 0):
 garbage-first heap   total 251904K, used 166450K [0x0000000080000000, 0x0000000100000000)
  region size 1024K, 108 young (110592K), 8 survivors (8192K)
 Metaspace       used 85511K, capacity 87978K, committed 88140K, reserved 1126400K
  class space    used 11144K, capacity 12062K, committed 12108K, reserved 1048576K
}
Event: 10.393 GC heap after
{Heap after GC invocations=13 (full 0):
 garbage-first heap   total 251904K, used 71825K [0x0000000080000000, 0x0000000100000000)
  region size 1024K, 14 young (14336K), 14 survivors (14336K)
 Metaspace       used 85511K, capacity 87978K, committed 88140K, reserved 1126400K
  class space    used 11144K, capacity 12062K, committed 12108K, reserved 1048576K
}
Event: 11.127 GC heap before
{Heap before GC invocations=13 (full 0):
 garbage-first heap   total 251904K, used 173201K [0x0000000080000000, 0x0000000100000000)
  region size 1024K, 114 young (116736K), 14 survivors (14336K)
 Metaspace       used 87456K, capacity 89970K, committed 90188K, reserved 1126400K
  class space    used 11342K, capacity 12291K, committed 12364K, reserved 1048576K
}
Event: 11.141 GC heap after
{Heap after GC invocations=14 (full 0):
 garbage-first heap   total 251904K, used 78752K [0x0000000080000000, 0x0000000100000000)
  region size 1024K, 7 young (7168K), 7 survivors (7168K)
 Metaspace       used 87456K, capacity 89970K, committed 90188K, reserved 1126400K
  class space    used 11342K, capacity 12291K, committed 12364K, reserved 1048576K
}

