# JRE version: OpenJDK Runtime Environment (11.0.10) (build 11.0.10+0-b96-7249189)
# Java VM: OpenJDK 64-Bit Server VM (11.0.10+0-b96-7249189, mixed mode, tiered, compressed oops, g1 gc, windows-amd64)
Heap:
 garbage-first heap   total 303104K, used 48335K [0x000000070a000000, 0x0000000800000000)
  region size 1024K, 10 young (10240K), 6 survivors (6144K)
 Metaspace       used 59577K, capacity 60309K, committed 60544K, reserved 1101824K
  class space    used 6951K, capacity 7237K, committed 7296K, reserved 1048576K
GC Heap History (14 events):
Event: 0.434 GC heap before
{Heap before GC invocations=0 (full 0):
 garbage-first heap   total 251904K, used 27648K [0x000000070a000000, 0x0000000800000000)
  region size 1024K, 24 young (24576K), 0 survivors (0K)
 Metaspace       used 12247K, capacity 12341K, committed 12544K, reserved 1060864K
  class space    used 1147K, capacity 1174K, committed 1280K, reserved 1048576K
}
Event: 0.437 GC heap after
{Heap after GC invocations=1 (full 0):
 garbage-first heap   total 251904K, used 5818K [0x000000070a000000, 0x0000000800000000)
  region size 1024K, 3 young (3072K), 3 survivors (3072K)
 Metaspace       used 12247K, capacity 12341K, committed 12544K, reserved 1060864K
  class space    used 1147K, capacity 1174K, committed 1280K, reserved 1048576K
}
Event: 0.928 GC heap before
{Heap before GC invocations=1 (full 0):
 garbage-first heap   total 251904K, used 42682K [0x000000070a000000, 0x0000000800000000)
  region size 1024K, 40 young (40960K), 3 survivors (3072K)
 Metaspace       used 21005K, capacity 21147K, committed 21248K, reserved 1069056K
  class space    used 2215K, capacity 2278K, committed 2304K, reserved 1048576K
}
Event: 0.938 GC heap after
{Heap after GC invocations=2 (full 0):
 garbage-first heap   total 251904K, used 9738K [0x000000070a000000, 0x0000000800000000)
  region size 1024K, 7 young (7168K), 7 survivors (7168K)
 Metaspace       used 21005K, capacity 21147K, committed 21248K, reserved 1069056K
  class space    used 2215K, capacity 2278K, committed 2304K, reserved 1048576K
}
Event: 1.686 GC heap before
{Heap before GC invocations=3 (full 0):
 garbage-first heap   total 251904K, used 73226K [0x000000070a000000, 0x0000000800000000)
  region size 1024K, 57 young (58368K), 7 survivors (7168K)
 Metaspace       used 32265K, capacity 32683K, committed 32896K, reserved 1077248K
  class space    used 4016K, capacity 4177K, committed 4224K, reserved 1048576K
}
Event: 1.696 GC heap after
{Heap after GC invocations=4 (full 0):
 garbage-first heap   total 251904K, used 23534K [0x000000070a000000, 0x0000000800000000)
  region size 1024K, 8 young (8192K), 8 survivors (8192K)
 Metaspace       used 32265K, capacity 32683K, committed 32896K, reserved 1077248K
  class space    used 4016K, capacity 4177K, committed 4224K, reserved 1048576K
}
Event: 1.852 GC heap before
{Heap before GC invocations=4 (full 0):
 garbage-first heap   total 251904K, used 35822K [0x000000070a000000, 0x0000000800000000)
  region size 1024K, 21 young (21504K), 8 survivors (8192K)
 Metaspace       used 35044K, capacity 35446K, committed 35584K, reserved 1081344K
  class space    used 4319K, capacity 4501K, committed 4608K, reserved 1048576K
}
Event: 1.862 GC heap after
{Heap after GC invocations=5 (full 0):
 garbage-first heap   total 251904K, used 25036K [0x000000070a000000, 0x0000000800000000)
  region size 1024K, 6 young (6144K), 6 survivors (6144K)
 Metaspace       used 35044K, capacity 35446K, committed 35584K, reserved 1081344K
  class space    used 4319K, capacity 4501K, committed 4608K, reserved 1048576K
}
Event: 2.363 GC heap before
{Heap before GC invocations=6 (full 0):
 garbage-first heap   total 251904K, used 65996K [0x000000070a000000, 0x0000000800000000)
  region size 1024K, 46 young (47104K), 6 survivors (6144K)
 Metaspace       used 43741K, capacity 44234K, committed 44416K, reserved 1087488K
  class space    used 5226K, capacity 5402K, committed 5504K, reserved 1048576K
}
Event: 2.370 GC heap after
{Heap after GC invocations=7 (full 0):
 garbage-first heap   total 303104K, used 28694K [0x000000070a000000, 0x0000000800000000)
  region size 1024K, 5 young (5120K), 5 survivors (5120K)
 Metaspace       used 43741K, capacity 44234K, committed 44416K, reserved 1087488K
  class space    used 5226K, capacity 5402K, committed 5504K, reserved 1048576K
}
Event: 3.520 GC heap before
{Heap before GC invocations=7 (full 0):
 garbage-first heap   total 303104K, used 112662K [0x000000070a000000, 0x0000000800000000)
  region size 1024K, 86 young (88064K), 5 survivors (5120K)
 Metaspace       used 51520K, capacity 52055K, committed 52224K, reserved 1095680K
  class space    used 5908K, capacity 6106K, committed 6144K, reserved 1048576K
}
Event: 3.530 GC heap after
{Heap after GC invocations=8 (full 0):
 garbage-first heap   total 303104K, used 38873K [0x000000070a000000, 0x0000000800000000)
  region size 1024K, 11 young (11264K), 11 survivors (11264K)
 Metaspace       used 51520K, capacity 52055K, committed 52224K, reserved 1095680K
  class space    used 5908K, capacity 6106K, committed 6144K, reserved 1048576K
}
Event: 4.406 GC heap before
{Heap before GC invocations=8 (full 0):
 garbage-first heap   total 303104K, used 91097K [0x000000070a000000, 0x0000000800000000)
  region size 1024K, 63 young (64512K), 11 survivors (11264K)
 Metaspace       used 58901K, capacity 59570K, committed 59648K, reserved 1101824K
  class space    used 6858K, capacity 7140K, committed 7168K, reserved 1048576K
}
Event: 4.418 GC heap after
{Heap after GC invocations=9 (full 0):
 garbage-first heap   total 303104K, used 45263K [0x000000070a000000, 0x0000000800000000)
  region size 1024K, 6 young (6144K), 6 survivors (6144K)
 Metaspace       used 58901K, capacity 59570K, committed 59648K, reserved 1101824K
  class space    used 6858K, capacity 7140K, committed 7168K, reserved 1048576K
}

