# JRE version: OpenJDK Runtime Environment (11.0.10) (build 11.0.10+0-b96-7249189)
# Java VM: OpenJDK 64-Bit Server VM (11.0.10+0-b96-7249189, mixed mode, tiered, compressed oops, g1 gc, windows-amd64)
Heap:
 garbage-first heap   total 542720K, used 381009K [0x0000000080000000, 0x0000000100000000)
  region size 1024K, 119 young (121856K), 8 survivors (8192K)
 Metaspace       used 151176K, capacity 155731K, committed 156076K, reserved 1185792K
  class space    used 18981K, capacity 20632K, committed 20736K, reserved 1048576K
GC Heap History (20 events):
Event: 970.788 GC heap before
{Heap before GC invocations=43 (full 0):
 garbage-first heap   total 316416K, used 248677K [0x0000000080000000, 0x0000000100000000)
  region size 1024K, 40 young (40960K), 2 survivors (2048K)
 Metaspace       used 126512K, capacity 130114K, committed 130604K, reserved 1163264K
  class space    used 16060K, capacity 17330K, committed 17536K, reserved 1048576K
}
Event: 970.796 GC heap after
{Heap after GC invocations=44 (full 0):
 garbage-first heap   total 316416K, used 213043K [0x0000000080000000, 0x0000000100000000)
  region size 1024K, 5 young (5120K), 5 survivors (5120K)
 Metaspace       used 126512K, capacity 130114K, committed 130604K, reserved 1163264K
  class space    used 16060K, capacity 17330K, committed 17536K, reserved 1048576K
}
Event: 971.172 GC heap before
{Heap before GC invocations=45 (full 0):
 garbage-first heap   total 316416K, used 255027K [0x0000000080000000, 0x0000000100000000)
  region size 1024K, 41 young (41984K), 5 survivors (5120K)
 Metaspace       used 126814K, capacity 130420K, committed 130988K, reserved 1163264K
  class space    used 16095K, capacity 17387K, committed 17664K, reserved 1048576K
}
Event: 971.185 GC heap after
{Heap after GC invocations=46 (full 0):
 garbage-first heap   total 316416K, used 223878K [0x0000000080000000, 0x0000000100000000)
  region size 1024K, 6 young (6144K), 6 survivors (6144K)
 Metaspace       used 126814K, capacity 130420K, committed 130988K, reserved 1163264K
  class space    used 16095K, capacity 17387K, committed 17664K, reserved 1048576K
}
Event: 971.196 GC heap before
{Heap before GC invocations=46 (full 0):
 garbage-first heap   total 316416K, used 233094K [0x0000000080000000, 0x0000000100000000)
  region size 1024K, 15 young (15360K), 6 survivors (6144K)
 Metaspace       used 126814K, capacity 130420K, committed 130988K, reserved 1163264K
  class space    used 16095K, capacity 17387K, committed 17664K, reserved 1048576K
}
Event: 971.212 GC heap after
{Heap after GC invocations=47 (full 0):
 garbage-first heap   total 542720K, used 223588K [0x0000000080000000, 0x0000000100000000)
  region size 1024K, 2 young (2048K), 2 survivors (2048K)
 Metaspace       used 126814K, capacity 130420K, committed 130988K, reserved 1163264K
  class space    used 16095K, capacity 17387K, committed 17664K, reserved 1048576K
}
Event: 1019.412 GC heap before
{Heap before GC invocations=47 (full 0):
 garbage-first heap   total 542720K, used 354660K [0x0000000080000000, 0x0000000100000000)
  region size 1024K, 121 young (123904K), 2 survivors (2048K)
 Metaspace       used 127673K, capacity 131369K, committed 131756K, reserved 1163264K
  class space    used 16169K, capacity 17505K, committed 17664K, reserved 1048576K
}
Event: 1019.423 GC heap after
{Heap after GC invocations=48 (full 0):
 garbage-first heap   total 542720K, used 233335K [0x0000000080000000, 0x0000000100000000)
  region size 1024K, 11 young (11264K), 11 survivors (11264K)
 Metaspace       used 127673K, capacity 131369K, committed 131756K, reserved 1163264K
  class space    used 16169K, capacity 17505K, committed 17664K, reserved 1048576K
}
Event: 1059.427 GC heap before
{Heap before GC invocations=48 (full 0):
 garbage-first heap   total 542720K, used 363383K [0x0000000080000000, 0x0000000100000000)
  region size 1024K, 136 young (139264K), 11 survivors (11264K)
 Metaspace       used 128111K, capacity 131818K, committed 132012K, reserved 1163264K
  class space    used 16180K, capacity 17517K, committed 17664K, reserved 1048576K
}
Event: 1059.435 GC heap after
{Heap after GC invocations=49 (full 0):
 garbage-first heap   total 542720K, used 235468K [0x0000000080000000, 0x0000000100000000)
  region size 1024K, 6 young (6144K), 6 survivors (6144K)
 Metaspace       used 128111K, capacity 131818K, committed 132012K, reserved 1163264K
  class space    used 16180K, capacity 17517K, committed 17664K, reserved 1048576K
}
Event: 1060.777 GC heap before
{Heap before GC invocations=49 (full 0):
 garbage-first heap   total 542720K, used 406476K [0x0000000080000000, 0x0000000100000000)
  region size 1024K, 163 young (166912K), 6 survivors (6144K)
 Metaspace       used 130403K, capacity 134186K, committed 134316K, reserved 1165312K
  class space    used 16457K, capacity 17815K, committed 17920K, reserved 1048576K
}
Event: 1060.795 GC heap after
{Heap after GC invocations=50 (full 0):
 garbage-first heap   total 542720K, used 256868K [0x0000000080000000, 0x0000000100000000)
  region size 1024K, 21 young (21504K), 21 survivors (21504K)
 Metaspace       used 130403K, capacity 134186K, committed 134316K, reserved 1165312K
  class space    used 16457K, capacity 17815K, committed 17920K, reserved 1048576K
}
Event: 1061.754 GC heap before
{Heap before GC invocations=50 (full 0):
 garbage-first heap   total 542720K, used 419684K [0x0000000080000000, 0x0000000100000000)
  region size 1024K, 157 young (160768K), 21 survivors (21504K)
 Metaspace       used 135894K, capacity 139736K, committed 139820K, reserved 1171456K
  class space    used 16926K, capacity 18272K, committed 18304K, reserved 1048576K
}
Event: 1061.770 GC heap after
{Heap after GC invocations=51 (full 0):
 garbage-first heap   total 542720K, used 260983K [0x0000000080000000, 0x0000000100000000)
  region size 1024K, 4 young (4096K), 4 survivors (4096K)
 Metaspace       used 135894K, capacity 139736K, committed 139820K, reserved 1171456K
  class space    used 16926K, capacity 18272K, committed 18304K, reserved 1048576K
}
Event: 1063.113 GC heap before
{Heap before GC invocations=51 (full 0):
 garbage-first heap   total 542720K, used 387959K [0x0000000080000000, 0x0000000100000000)
  region size 1024K, 127 young (130048K), 4 survivors (4096K)
 Metaspace       used 137587K, capacity 141507K, committed 141612K, reserved 1173504K
  class space    used 17121K, capacity 18534K, committed 18560K, reserved 1048576K
}
Event: 1063.118 GC heap after
{Heap after GC invocations=52 (full 0):
 garbage-first heap   total 542720K, used 266424K [0x0000000080000000, 0x0000000100000000)
  region size 1024K, 7 young (7168K), 7 survivors (7168K)
 Metaspace       used 137587K, capacity 141507K, committed 141612K, reserved 1173504K
  class space    used 17121K, capacity 18534K, committed 18560K, reserved 1048576K
}
Event: 1077.437 GC heap before
{Heap before GC invocations=52 (full 0):
 garbage-first heap   total 542720K, used 420024K [0x0000000080000000, 0x0000000100000000)
  region size 1024K, 155 young (158720K), 7 survivors (7168K)
 Metaspace       used 140033K, capacity 144118K, committed 144300K, reserved 1175552K
  class space    used 17491K, capacity 18934K, committed 18944K, reserved 1048576K
}
Event: 1077.443 GC heap after
{Heap after GC invocations=53 (full 0):
 garbage-first heap   total 542720K, used 266675K [0x0000000080000000, 0x0000000100000000)
  region size 1024K, 8 young (8192K), 8 survivors (8192K)
 Metaspace       used 140033K, capacity 144118K, committed 144300K, reserved 1175552K
  class space    used 17491K, capacity 18934K, committed 18944K, reserved 1048576K
}
Event: 1078.203 GC heap before
{Heap before GC invocations=53 (full 0):
 garbage-first heap   total 542720K, used 425395K [0x0000000080000000, 0x0000000100000000)
  region size 1024K, 163 young (166912K), 8 survivors (8192K)
 Metaspace       used 144180K, capacity 148222K, committed 148524K, reserved 1177600K
  class space    used 18050K, capacity 19492K, committed 19584K, reserved 1048576K
}
Event: 1078.207 GC heap after
{Heap after GC invocations=54 (full 0):
 garbage-first heap   total 542720K, used 265297K [0x0000000080000000, 0x0000000100000000)
  region size 1024K, 8 young (8192K), 8 survivors (8192K)
 Metaspace       used 144180K, capacity 148222K, committed 148524K, reserved 1177600K
  class space    used 18050K, capacity 19492K, committed 19584K, reserved 1048576K
}

